[debug] [2019-03-06T18:45:49.731Z] ----------------------------------------------------------------------
[debug] [2019-03-06T18:45:49.733Z] Command:       /Users/kohei/.nodenv/versions/8.12.0/bin/node /Users/kohei/github/channel-name-list/node_modules/.bin/firebase serve
[debug] [2019-03-06T18:45:49.733Z] CLI Version:   6.4.0
[debug] [2019-03-06T18:45:49.733Z] Platform:      darwin
[debug] [2019-03-06T18:45:49.734Z] Node Version:  v8.12.0
[debug] [2019-03-06T18:45:49.734Z] Time:          Thu Mar 07 2019 03:45:49 GMT+0900 (JST)
[debug] [2019-03-06T18:45:49.734Z] ----------------------------------------------------------------------
[debug] 
[debug] [2019-03-06T18:45:49.745Z] > command requires scopes: ["email","openid","https://www.googleapis.com/auth/cloudplatformprojects.readonly","https://www.googleapis.com/auth/firebase","https://www.googleapis.com/auth/cloud-platform"]
[debug] [2019-03-06T18:45:49.745Z] > authorizing via signed-in user
[debug] [2019-03-06T18:45:49.745Z] [iam] checking project channel-name-list for permissions ["firebase.projects.get"]
[debug] [2019-03-06T18:45:49.747Z] >>> HTTP REQUEST POST https://cloudresourcemanager.googleapis.com/v1/projects/channel-name-list:testIamPermissions  

[debug] [2019-03-06T18:45:50.533Z] <<< HTTP RESPONSE 200
[debug] [2019-03-06T18:45:50.535Z] >>> HTTP REQUEST GET https://cloudresourcemanager.googleapis.com/v1/projects/channel-name-list  
 
[debug] [2019-03-06T18:45:51.375Z] <<< HTTP RESPONSE 200
[info] 
[info] === Serving from '/Users/kohei/github/channel-name-list'...
[info] 
[warn] ⚠  functions: Cannot start emulator. Error: Cannot find module '@google-cloud/functions-emulator/src/config'
[debug] [2019-03-06T18:45:51.380Z] >>> HTTP REQUEST GET https://mobilesdk-pa.googleapis.com/v1/projects/106427790138/clients/_:getWebAppConfig  
 
[debug] [2019-03-06T18:45:52.202Z] <<< HTTP RESPONSE 200
[info] i  hosting: Serving hosting files from: dist/public
[info] ✔  hosting: Local server: http://localhost:5000
[info] [hosting] Rewriting / to local function nextApp
